#
#
#
#
#
#    Don't try viewing this report without a plog-converter utility!!!
#
#    plog-converter -a GA:1,2 -t tasklist -o report.tasks /path/to/this/file.log
#
#    A link to the documentation: https://pvs-studio.com/en/docs/manual/0036/
#
#
#
#
#
d99cf3ba-6fcd-43f9-9260-1179fa3a9bed
dR'8_uR%RrGSGRER'haa@->uR%R=oUo-'cjUPuK=oUouKoc+j=cmcQg@@nRER U2=u$2UaPR% U2=uER2uvu2R%JERPu==UjuR%RH-v->jc=L8aoc>UPu=co8cj289U2cvUa-U92u=c-=c'8>=-_uau_co8c9uc9U_ckaU'o-'u}c1oc-=c=hjju=ou_co8cau>UPucNj=NcvUa-U92u}RER>u/o@->uR%R=oUo-'cjUPuK=f>'Kocc+j/cmcQg@@nRERk8=-o-8>=R%!dR -2uR%R(]8as=kU'u(=a'(PU=oua}'RER2->u=R%!bi"B"ERkauv@->uR%R((cmmmmmmmmmmmmmc=LPcj289U2=cmmmmmmmmmmmmmRB
dR'8_uR%RrGSGRER'haa@->uR%R=oUo-'cjUPuK=f>'Kocc+j/cmcQg@@nRER U2=u$2UaPR% U2=uER2uvu2R%JERPu==UjuR%RH-v->jc=L8aoc>UPu=co8cj289U2cvUa-U92u=c-=c'8>=-_uau_co8c9uc9U_ckaU'o-'u}c1oc-=c=hjju=ou_co8cau>UPucNj/NcvUa-U92u}RER>u/o@->uR%R=oUo-'c=-:uKocH.KOe,<.cmcSnRERk8=-o-8>=R%!dR -2uR%R(]8as=kU'u(=a'(PU=oua}'RER2->u=R%![S"B"ERkauv@->uR%R=oUo-'cjUPuK=oUouKoc+j=cmcQg@@nRB
dR'8_uR%RrGSGRER'haa@->uR%R=oUo-'cjUPuK=f>'Kocc+j/cmcQg@@nRER U2=u$2UaPR% U2=uER2uvu2R%JERPu==UjuR%RH-v->jc=L8aoc>UPu=co8cj289U2cvUa-U92u=c-=c'8>=-_uau_co8c9uc9U_ckaU'o-'u}c1oc-=c=hjju=ou_co8cau>UPucNj/NcvUa-U92u}RER>u/o@->uR%RjUPuK=oUouKoc+j=cmcQg@@ncccRERk8=-o-8>=R%!dR -2uR%R(]8as=kU'u(=a'(k2Ufua}'RER2->u=R%!Jx"B"ERkauv@->uR%R((kh>oua8cUcPuP8a-U=c'8PkUao-_U=RB
dR'8_uR%RrGSGRER'haa@->uR%RjUPuK=oUouKoc+j=cmcQg@@ncccRER U2=u$2UaPR% U2=uER2uvu2R%JERPu==UjuR%RH-v->jc=L8aoc>UPu=co8cj289U2cvUa-U92u=c-=c'8>=-_uau_co8c9uc9U_ckaU'o-'u}c1oc-=c=hjju=ou_co8cau>UPucNj=NcvUa-U92u}RERk8=-o-8>=R%!dR -2uR%R(]8as=kU'u(=a'(k2Ufua}'RER2->u=R%!JJ"B"ERkauv@->uR%R=oUo-'cjUPuK=f>'Kocc+j/cmcQg@@nRB
dR'8_uR%RrGSGRER'haa@->uR%R=oUo-'cjUPuK=oUouKoc+j=cmcQg@@nRER U2=u$2UaPR% U2=uER2uvu2R%JERPu==UjuR%RH-v->jc=L8aoc>UPu=co8cj289U2cvUa-U92u=c-=c'8>=-_uau_co8c9uc9U_ckaU'o-'u}c1oc-=c=hjju=ou_co8cau>UPucNj=NcvUa-U92u}RER>u/o@->uR%R=oUo-'cjUPuK=f>'Kocc+j/cmcQg@@nRERk8=-o-8>=R%!dR -2uR%R(]8as=kU'u(=a'(v-u]}'RER2->u=R%!xi"B"ERkauv@->uR%R((c=LPck8->oua=RB
dR'8_uR%RrGSGRER'haa@->uR%R=oUo-'cjUPuK=f>'Kocc+j/cmcQg@@nRER U2=u$2UaPR% U2=uER2uvu2R%JERPu==UjuR%RH-v->jc=L8aoc>UPu=co8cj289U2cvUa-U92u=c-=c'8>=-_uau_co8c9uc9U_ckaU'o-'u}c1oc-=c=hjju=ou_co8cau>UPucNj/NcvUa-U92u}RERk8=-o-8>=R%!dR -2uR%R(]8as=kU'u(=a'(v-u]}'RER2->u=R%!JS"B"ERkauv@->uR%R=oUo-'cjUPuK=oUouKoc+j=cmcQg@@nRB
dR'8_uR%Rr[J[RER'haa@->uR%Rcccccccc->-oKkU-a;xSctc-Ec{?@?CKO@${`EcO?FeKOH!-"^ncc((c'huak8c;kU=ou2^RER']uR%VXJER U2=u$2UaPR% U2=uER2uvu2R%*ERPu==UjuR%R,Luc'8_uc'8>oU->=coLuc'822u'o-8>c8 c=-P-2Uac928's=}c{Lu'sc-ouP=cNO?FeKOHNEcNI<$FKOHNEcNI<$FKOHNc->c2->u=cxG[EcxGVEcxGG}RER>u/o@->uR%Rcccccccc->-oKkU-a;JSctc-Ec{?@?CKO@${`EcI<$FKOH!-"^ncc((c'U9u:Uc;P=c->ou>=U^RERk8=-o-8>=R%!dR -2uR%R(]8as=kU'u(=a'(v-u]}'RER2->u=R%!xG[ExGVExGG"B"ERkauv@->uR%Rcccc 8ac;->oc-cmcSnc-cycinc-tt^cdRB
